gky_cmn/android/app/build/outputs/logs/manifest-merger-release-report.txt
-- Merging decision tree log ---
manifest
ADDED from src\main\AndroidManifest.xml:1:1-54:12
INJECTED from src\main\AndroidManifest.xml:1:1-54:12
INJECTED from src\main\AndroidManifest.xml:1:1-54:12
INJECTED from src\main\AndroidManifest.xml:1:1-54:12
MERGED from [:huawei_scan] AndroidManifest.xml:2:1-21:12
MERGED from [:firebase_auth] AndroidManifest.xml:2:1-15:12
MERGED from [:firebase_core] AndroidManifest.xml:2:1-15:12
MERGED from [:agconnect_core] AndroidManifest.xml:2:1-7:12
MERGED from [:shared_preferences] AndroidManifest.xml:2:1-7:12
MERGED from [:huawei_hmsavailability] AndroidManifest.xml:2:1-9:12
MERGED from [:google_sign_in] AndroidManifest.xml:2:1-9:12
MERGED from [:agconnect_auth] AndroidManifest.xml:2:1-7:12
MERGED from [com.google.firebase:firebase-analytics:19.0.1] AndroidManifest.xml:2:1-9:12
MERGED from [androidx.multidex:multidex:2.0.0] AndroidManifest.xml:17:1-22:12
MERGED from [com.google.firebase:firebase-auth:21.0.1] AndroidManifest.xml:17:1-83:12
MERGED from [com.google.android.gms:play-services-measurement-api:19.0.1] AndroidManifest.xml:17:1-36:12
MERGED from [com.google.firebase:firebase-auth-interop:20.0.0] AndroidManifest.xml:2:1-10:12
MERGED from [com.google.firebase:firebase-installations:17.0.0] AndroidManifest.xml:2:1-24:12
MERGED from [com.google.firebase:firebase-common:20.0.0] AndroidManifest.xml:15:1-40:12
MERGED from [com.huawei.hms:scan:1.3.0.300] AndroidManifest.xml:2:1-33:12
MERGED from [com.huawei.hms:hianalytics:5.1.0.301] AndroidManifest.xml:2:1-32:12
MERGED from [androidx.appcompat:appcompat:1.1.0] AndroidManifest.xml:17:1-24:12
MERGED from [com.google.android.gms:play-services-auth:16.0.1] AndroidManifest.xml:17:1-39:12
MERGED from [com.google.android.gms:play-services-auth-api-phone:17.4.0] AndroidManifest.xml:2:1-7:12
MERGED from [com.google.android.gms:play-services-safetynet:17.0.0] AndroidManifest.xml:17:1-24:12
MERGED from [com.google.android.gms:play-services-auth-base:16.0.0] AndroidManifest.xml:2:1-7:12
MERGED from [com.google.android.gms:play-services-base:17.1.0] AndroidManifest.xml:17:1-29:12
MERGED from [com.google.android.gms:play-services-measurement:19.0.1] AndroidManifest.xml:17:1-46:12
MERGED from [com.google.android.gms:play-services-measurement-sdk:19.0.1] AndroidManifest.xml:17:1-25:12
MERGED from [com.google.firebase:firebase-installations-interop:17.0.0] AndroidManifest.xml:15:1-23:12
MERGED from [com.google.android.gms:play-services-tasks:17.0.0] AndroidManifest.xml:2:1-9:12
MERGED from [com.google.android.gms:play-services-measurement-impl:19.0.1] AndroidManifest.xml:17:1-31:12
MERGED from [com.google.android.gms:play-services-ads-identifier:17.0.0] AndroidManifest.xml:17:1-24:12
MERGED from [com.google.android.gms:play-services-measurement-sdk-api:19.0.1] AndroidManifest.xml:17:1-27:12
MERGED from [com.google.android.gms:play-services-measurement-base:19.0.1] AndroidManifest.xml:2:1-9:12
MERGED from [com.google.android.gms:play-services-stats:17.0.0] AndroidManifest.xml:2:1-9:12
MERGED from [com.google.firebase:firebase-measurement-connector:19.0.0] AndroidManifest.xml:17:1-25:12
MERGED from [com.google.android.gms:play-services-basement:17.1.0] AndroidManifest.xml:17:1-28:12
MERGED from [androidx.fragment:fragment:1.1.0] AndroidManifest.xml:17:1-24:12
MERGED from [androidx.appcompat:appcompat-resources:1.1.0] AndroidManifest.xml:17:1-24:12
MERGED from [androidx.browser:browser:1.0.0] AndroidManifest.xml:17:1-22:12
MERGED from [androidx.legacy:legacy-support-core-ui:1.0.0] AndroidManifest.xml:17:1-22:12
MERGED from [androidx.drawerlayout:drawerlayout:1.0.0] AndroidManifest.xml:17:1-22:12
MERGED from [androidx.legacy:legacy-support-core-utils:1.0.0] AndroidManifest.xml:17:1-22:12
MERGED from [androidx.viewpager:viewpager:1.0.0] AndroidManifest.xml:17:1-22:12
MERGED from [androidx.loader:loader:1.0.0] AndroidManifest.xml:17:1-22:12
MERGED from [androidx.activity:activity:1.0.0] AndroidManifest.xml:17:1-24:12
MERGED from [androidx.vectordrawable:vectordrawable-animated:1.1.0] AndroidManifest.xml:17:1-24:12
MERGED from [androidx.vectordrawable:vectordrawable:1.1.0] AndroidManifest.xml:17:1-24:12
MERGED from [androidx.coordinatorlayout:coordinatorlayout:1.0.0] AndroidManifest.xml:17:1-22:12
MERGED from [androidx.slidingpanelayout:slidingpanelayout:1.0.0] AndroidManifest.xml:17:1-22:12
MERGED from [androidx.customview:customview:1.0.0] AndroidManifest.xml:17:1-22:12
MERGED from [androidx.swiperefreshlayout:swiperefreshlayout:1.0.0] AndroidManifest.xml:17:1-22:12
MERGED from [androidx.asynclayoutinflater:asynclayoutinflater:1.0.0] AndroidManifest.xml:17:1-22:12
MERGED from [androidx.core:core:1.1.0] AndroidManifest.xml:17:1-26:12
MERGED from [androidx.lifecycle:lifecycle-runtime:2.2.0] AndroidManifest.xml:17:1-24:12
MERGED from [androidx.savedstate:savedstate:1.0.0] AndroidManifest.xml:17:1-24:12
MERGED from [androidx.lifecycle:lifecycle-livedata:2.0.0] AndroidManifest.xml:17:1-22:12
MERGED from [androidx.lifecycle:lifecycle-livedata-core:2.0.0] AndroidManifest.xml:17:1-22:12
MERGED from [androidx.cursoradapter:cursoradapter:1.0.0] AndroidManifest.xml:17:1-22:12
MERGED from [com.google.firebase:firebase-components:17.0.0] AndroidManifest.xml:15:1-23:12
MERGED from [androidx.localbroadcastmanager:localbroadcastmanager:1.0.0] AndroidManifest.xml:17:1-22:12
MERGED from [androidx.versionedparcelable:versionedparcelable:1.1.0] AndroidManifest.xml:17:1-27:12
MERGED from [androidx.arch.core:core-runtime:2.0.0] AndroidManifest.xml:17:1-22:12
MERGED from [androidx.interpolator:interpolator:1.0.0] AndroidManifest.xml:17:1-22:12
MERGED from [androidx.documentfile:documentfile:1.0.0] AndroidManifest.xml:17:1-22:12
MERGED from [androidx.print:print:1.0.0] AndroidManifest.xml:17:1-22:12
MERGED from [androidx.lifecycle:lifecycle-viewmodel:2.1.0] AndroidManifest.xml:17:1-22:12
MERGED from [com.huawei.agconnect:agconnect-auth:1.4.2.301] AndroidManifest.xml:2:1-20:12
MERGED from [com.huawei.hms:ml-computer-sdkbase-inner:2.0.3.300] AndroidManifest.xml:3:1-19:12
MERGED from [com.huawei.hms:opendevice:5.0.4.301] AndroidManifest.xml:2:1-24:12
MERGED from [com.huawei.hms:base:5.2.0.300] AndroidManifest.xml:2:1-25:12
MERGED from [com.huawei.hms:availableupdate:5.2.0.300] AndroidManifest.xml:2:1-33:12
MERGED from [com.huawei.hms:device:5.2.0.300] AndroidManifest.xml:2:1-14:12
MERGED from [com.huawei.agconnect:agconnect-credential:1.4.2.301] AndroidManifest.xml:2:1-28:12
MERGED from [com.huawei.hms:ml-computer-agc-inner:2.0.3.300] AndroidManifest.xml:3:1-12:12
MERGED from [com.huawei.agconnect:agconnect-core:1.4.2.301] AndroidManifest.xml:2:1-21:12
MERGED from [com.huawei.hms:ml-computer-camera-inner:2.0.3.300] AndroidManifest.xml:2:1-17:12
MERGED from [com.huawei.hms:ml-computer-ha-inner:2.0.3.300] AndroidManifest.xml:2:1-19:12
MERGED from [com.huawei.hms:stats:5.2.0.300] AndroidManifest.xml:2:1-16:12
MERGED from [com.huawei.hms:update:3.0.1.300] AndroidManifest.xml:2:1-48:12
MERGED from [com.huawei.hms:network-grs:4.0.20.301] AndroidManifest.xml:2:1-11:12
MERGED from [com.huawei.hms:dynamic-api:1.0.13.303] AndroidManifest.xml:2:1-20:12
MERGED from [com.huawei.agconnect:agconnect-https:1.4.2.301] AndroidManifest.xml:3:1-13:12
MERGED from [com.huawei.hmf:tasks:1.4.1.300] AndroidManifest.xml:2:1-10:12
MERGED from [com.huawei.hms:ui:5.2.0.300] AndroidManifest.xml:2:1-29:12
MERGED from [com.huawei.hms:log:5.2.0.300] AndroidManifest.xml:2:1-11:12
MERGED from [com.huawei.agconnect:datastore-core:1.4.2.301] AndroidManifest.xml:2:1-10:12
MERGED from [com.huawei.hms:network-framework-compat:4.0.20.301] AndroidManifest.xml:2:1-11:12
MERGED from [com.huawei.hms:network-common:4.0.20.301] AndroidManifest.xml:2:1-11:12
MERGED from [com.huawei.hms:ml-computer-commonutils-inner:2.0.3.300] AndroidManifest.xml:3:1-12:12
MERGED from [com.huawei.android.hms:security-base:1.1.5.302] AndroidManifest.xml:2:1-9:12
MERGED from [com.huawei.hms:hatool:5.2.0.300] AndroidManifest.xml:2:1-9:12
MERGED from [com.huawei.android.hms:security-ssl:1.1.5.306] AndroidManifest.xml:2:1-15:12
MERGED from [com.huawei.android.hms:security-encrypt:1.1.5.302] AndroidManifest.xml:2:1-11:12
MERGED from [com.huawei.hms:componentverifysdk:11.1.0.300] AndroidManifest.xml:2:1-12:12
INJECTED from src\main\AndroidManifest.xml:1:1-54:12
INJECTED from src\main\AndroidManifest.xml:1:1-54:12
INJECTED from src\main\AndroidManifest.xml:1:1-54:12
	package
		ADDED from src\main\AndroidManifest.xml:2:5-26
		INJECTED from src\main\AndroidManifest.xml
		INJECTED from src\main\AndroidManifest.xml
	android:versionName
		INJECTED from src\main\AndroidManifest.xml
		ADDED from src\main\AndroidManifest.xml:1:1-54:12
		INJECTED from src\main\AndroidManifest.xml
	android:versionCode
		INJECTED from src\main\AndroidManifest.xml
		ADDED from src\main\AndroidManifest.xml:1:1-54:12
		INJECTED from src\main\AndroidManifest.xml
	xmlns:android
		ADDED from src\main\AndroidManifest.xml:1:11-69
uses-permission#android.permission.ACCESS_NETWORK_STATE
ADDED from src\main\AndroidManifest.xml:4:5-79
MERGED from [:huawei_scan] AndroidManifest.xml:9:5-79
MERGED from [:huawei_scan] AndroidManifest.xml:9:5-79
MERGED from [com.google.firebase:firebase-auth:21.0.1] AndroidManifest.xml:24:5-79
MERGED from [com.google.firebase:firebase-auth:21.0.1] AndroidManifest.xml:24:5-79
MERGED from [com.google.android.gms:play-services-measurement-api:19.0.1] AndroidManifest.xml:23:5-79
MERGED from [com.google.android.gms:play-services-measurement-api:19.0.1] AndroidManifest.xml:23:5-79
MERGED from [com.google.firebase:firebase-installations:17.0.0] AndroidManifest.xml:10:5-79
MERGED from [com.google.firebase:firebase-installations:17.0.0] AndroidManifest.xml:10:5-79
MERGED from [com.huawei.hms:hianalytics:5.1.0.301] AndroidManifest.xml:12:5-79
MERGED from [com.huawei.hms:hianalytics:5.1.0.301] AndroidManifest.xml:12:5-79
MERGED from [com.google.android.gms:play-services-measurement:19.0.1] AndroidManifest.xml:24:5-79
MERGED from [com.google.android.gms:play-services-measurement:19.0.1] AndroidManifest.xml:24:5-79
MERGED from [com.google.android.gms:play-services-measurement-impl:19.0.1] AndroidManifest.xml:24:5-79
MERGED from [com.google.android.gms:play-services-measurement-impl:19.0.1] AndroidManifest.xml:24:5-79
MERGED from [com.google.android.gms:play-services-measurement-sdk-api:19.0.1] AndroidManifest.xml:24:5-79
MERGED from [com.google.android.gms:play-services-measurement-sdk-api:19.0.1] AndroidManifest.xml:24:5-79
MERGED from [com.huawei.hms:availableupdate:5.2.0.300] AndroidManifest.xml:12:5-79
MERGED from [com.huawei.hms:availableupdate:5.2.0.300] AndroidManifest.xml:12:5-79
MERGED from [com.huawei.hms:device:5.2.0.300] AndroidManifest.xml:10:5-79
MERGED from [com.huawei.hms:device:5.2.0.300] AndroidManifest.xml:10:5-79
MERGED from [com.huawei.hms:ml-computer-ha-inner:2.0.3.300] AndroidManifest.xml:11:5-79
MERGED from [com.huawei.hms:ml-computer-ha-inner:2.0.3.300] AndroidManifest.xml:11:5-79
MERGED from [com.huawei.hms:stats:5.2.0.300] AndroidManifest.xml:12:5-79
MERGED from [com.huawei.hms:stats:5.2.0.300] AndroidManifest.xml:12:5-79
MERGED from [com.huawei.hms:update:3.0.1.300] AndroidManifest.xml:12:5-79
MERGED from [com.huawei.hms:update:3.0.1.300] AndroidManifest.xml:12:5-79
MERGED from [com.huawei.agconnect:agconnect-https:1.4.2.301] AndroidManifest.xml:11:5-79
MERGED from [com.huawei.agconnect:agconnect-https:1.4.2.301] AndroidManifest.xml:11:5-79
	android:name
		ADDED from src\main\AndroidManifest.xml:4:22-76
uses-permission#android.permission.ACCESS_WIFI_STATE
ADDED from src\main\AndroidManifest.xml:6:5-76
	android:name
		ADDED from src\main\AndroidManifest.xml:6:22-73
uses-permission#android.permission.INTERNET
ADDED from src\main\AndroidManifest.xml:7:5-67
MERGED from [:google_sign_in] AndroidManifest.xml:7:5-67
MERGED from [:google_sign_in] AndroidManifest.xml:7:5-67
MERGED from [com.google.firebase:firebase-auth:21.0.1] AndroidManifest.xml:23:5-67
MERGED from [com.google.firebase:firebase-auth:21.0.1] AndroidManifest.xml:23:5-67
MERGED from [com.google.android.gms:play-services-measurement-api:19.0.1] AndroidManifest.xml:22:5-67
MERGED from [com.google.android.gms:play-services-measurement-api:19.0.1] AndroidManifest.xml:22:5-67
MERGED from [com.google.firebase:firebase-installations:17.0.0] AndroidManifest.xml:11:5-67
MERGED from [com.google.firebase:firebase-installations:17.0.0] AndroidManifest.xml:11:5-67
MERGED from [com.huawei.hms:hianalytics:5.1.0.301] AndroidManifest.xml:11:5-67
MERGED from [com.huawei.hms:hianalytics:5.1.0.301] AndroidManifest.xml:11:5-67
MERGED from [com.google.android.gms:play-services-measurement:19.0.1] AndroidManifest.xml:23:5-67
MERGED from [com.google.android.gms:play-services-measurement:19.0.1] AndroidManifest.xml:23:5-67
MERGED from [com.google.android.gms:play-services-measurement-impl:19.0.1] AndroidManifest.xml:23:5-67
MERGED from [com.google.android.gms:play-services-measurement-impl:19.0.1] AndroidManifest.xml:23:5-67
MERGED from [com.google.android.gms:play-services-measurement-sdk-api:19.0.1] AndroidManifest.xml:23:5-67
MERGED from [com.google.android.gms:play-services-measurement-sdk-api:19.0.1] AndroidManifest.xml:23:5-67
MERGED from [com.huawei.hms:base:5.2.0.300] AndroidManifest.xml:10:5-67
MERGED from [com.huawei.hms:base:5.2.0.300] AndroidManifest.xml:10:5-67
MERGED from [com.huawei.hms:availableupdate:5.2.0.300] AndroidManifest.xml:10:5-67
MERGED from [com.huawei.hms:availableupdate:5.2.0.300] AndroidManifest.xml:10:5-67
MERGED from [com.huawei.agconnect:agconnect-credential:1.4.2.301] AndroidManifest.xml:12:5-67
MERGED from [com.huawei.agconnect:agconnect-credential:1.4.2.301] AndroidManifest.xml:12:5-67
MERGED from [com.huawei.hms:stats:5.2.0.300] AndroidManifest.xml:10:5-67
MERGED from [com.huawei.hms:stats:5.2.0.300] AndroidManifest.xml:10:5-67
MERGED from [com.huawei.hms:update:3.0.1.300] AndroidManifest.xml:11:5-67
MERGED from [com.huawei.hms:update:3.0.1.300] AndroidManifest.xml:11:5-67
	android:name
		ADDED from src\main\AndroidManifest.xml:7:22-64
uses-permission#android.permission.CAMERA
ADDED from src\main\AndroidManifest.xml:8:5-65
MERGED from [com.huawei.hms:scan:1.3.0.300] AndroidManifest.xml:11:5-65
MERGED from [com.huawei.hms:scan:1.3.0.300] AndroidManifest.xml:11:5-65
	android:name
		ADDED from src\main\AndroidManifest.xml:8:22-62
uses-permission#android.permission.READ_EXTERNAL_STORAGE
ADDED from src\main\AndroidManifest.xml:9:5-80
	android:name
		ADDED from src\main\AndroidManifest.xml:9:22-77
uses-feature#android.hardware.camera
ADDED from src\main\AndroidManifest.xml:10:5-60
	android:name
		ADDED from src\main\AndroidManifest.xml:10:19-57
uses-feature#android.hardware.camera.autofocus
ADDED from src\main\AndroidManifest.xml:11:5-70
	android:name
		ADDED from src\main\AndroidManifest.xml:11:19-67
application
ADDED from src\main\AndroidManifest.xml:12:4-53:19
MERGED from [:huawei_scan] AndroidManifest.xml:11:5-19:19
MERGED from [:huawei_scan] AndroidManifest.xml:11:5-19:19
MERGED from [:firebase_auth] AndroidManifest.xml:7:5-13:19
MERGED from [:firebase_auth] AndroidManifest.xml:7:5-13:19
MERGED from [:firebase_core] AndroidManifest.xml:7:5-13:19
MERGED from [:firebase_core] AndroidManifest.xml:7:5-13:19
MERGED from [com.google.firebase:firebase-analytics:19.0.1] AndroidManifest.xml:7:5-20
MERGED from [com.google.firebase:firebase-analytics:19.0.1] AndroidManifest.xml:7:5-20
MERGED from [com.google.firebase:firebase-auth:21.0.1] AndroidManifest.xml:26:5-81:19
MERGED from [com.google.firebase:firebase-auth:21.0.1] AndroidManifest.xml:26:5-81:19
MERGED from [com.google.android.gms:play-services-measurement-api:19.0.1] AndroidManifest.xml:26:5-34:19
MERGED from [com.google.android.gms:play-services-measurement-api:19.0.1] AndroidManifest.xml:26:5-34:19
MERGED from [com.google.firebase:firebase-auth-interop:20.0.0] AndroidManifest.xml:7:5-8:19
MERGED from [com.google.firebase:firebase-auth-interop:20.0.0] AndroidManifest.xml:7:5-8:19
MERGED from [com.google.firebase:firebase-installations:17.0.0] AndroidManifest.xml:14:5-22:19
MERGED from [com.google.firebase:firebase-installations:17.0.0] AndroidManifest.xml:14:5-22:19
MERGED from [com.google.firebase:firebase-common:20.0.0] AndroidManifest.xml:25:5-38:19
MERGED from [com.google.firebase:firebase-common:20.0.0] AndroidManifest.xml:25:5-38:19
MERGED from [com.huawei.hms:scan:1.3.0.300] AndroidManifest.xml:13:5-31:19
MERGED from [com.huawei.hms:scan:1.3.0.300] AndroidManifest.xml:13:5-31:19
MERGED from [com.huawei.hms:hianalytics:5.1.0.301] AndroidManifest.xml:15:5-30:19
MERGED from [com.huawei.hms:hianalytics:5.1.0.301] AndroidManifest.xml:15:5-30:19
MERGED from [com.google.android.gms:play-services-auth:16.0.1] AndroidManifest.xml:22:5-37:19
MERGED from [com.google.android.gms:play-services-auth:16.0.1] AndroidManifest.xml:22:5-37:19
MERGED from [com.google.android.gms:play-services-safetynet:17.0.0] AndroidManifest.xml:22:5-20
MERGED from [com.google.android.gms:play-services-safetynet:17.0.0] AndroidManifest.xml:22:5-20
MERGED from [com.google.android.gms:play-services-base:17.1.0] AndroidManifest.xml:22:5-27:19
MERGED from [com.google.android.gms:play-services-base:17.1.0] AndroidManifest.xml:22:5-27:19
MERGED from [com.google.android.gms:play-services-measurement:19.0.1] AndroidManifest.xml:28:5-44:19
MERGED from [com.google.android.gms:play-services-measurement:19.0.1] AndroidManifest.xml:28:5-44:19
MERGED from [com.google.android.gms:play-services-measurement-sdk:19.0.1] AndroidManifest.xml:22:5-23:19
MERGED from [com.google.android.gms:play-services-measurement-sdk:19.0.1] AndroidManifest.xml:22:5-23:19
MERGED from [com.google.android.gms:play-services-tasks:17.0.0] AndroidManifest.xml:7:5-20
MERGED from [com.google.android.gms:play-services-tasks:17.0.0] AndroidManifest.xml:7:5-20
MERGED from [com.google.android.gms:play-services-measurement-impl:19.0.1] AndroidManifest.xml:28:5-29:19
MERGED from [com.google.android.gms:play-services-measurement-impl:19.0.1] AndroidManifest.xml:28:5-29:19
MERGED from [com.google.android.gms:play-services-ads-identifier:17.0.0] AndroidManifest.xml:22:5-20
MERGED from [com.google.android.gms:play-services-ads-identifier:17.0.0] AndroidManifest.xml:22:5-20
MERGED from [com.google.android.gms:play-services-measurement-base:19.0.1] AndroidManifest.xml:7:5-20
MERGED from [com.google.android.gms:play-services-measurement-base:19.0.1] AndroidManifest.xml:7:5-20
MERGED from [com.google.android.gms:play-services-stats:17.0.0] AndroidManifest.xml:7:5-20
MERGED from [com.google.android.gms:play-services-stats:17.0.0] AndroidManifest.xml:7:5-20
MERGED from [com.google.firebase:firebase-measurement-connector:19.0.0] AndroidManifest.xml:22:5-23:19
MERGED from [com.google.firebase:firebase-measurement-connector:19.0.0] AndroidManifest.xml:22:5-23:19
MERGED from [com.google.android.gms:play-services-basement:17.1.0] AndroidManifest.xml:22:5-26:19
MERGED from [com.google.android.gms:play-services-basement:17.1.0] AndroidManifest.xml:22:5-26:19
MERGED from [androidx.core:core:1.1.0] AndroidManifest.xml:24:5-89
MERGED from [androidx.core:core:1.1.0] AndroidManifest.xml:24:5-89
MERGED from [androidx.versionedparcelable:versionedparcelable:1.1.0] AndroidManifest.xml:24:5-25:19
MERGED from [androidx.versionedparcelable:versionedparcelable:1.1.0] AndroidManifest.xml:24:5-25:19
MERGED from [com.huawei.agconnect:agconnect-auth:1.4.2.301] AndroidManifest.xml:10:5-18:19
MERGED from [com.huawei.agconnect:agconnect-auth:1.4.2.301] AndroidManifest.xml:10:5-18:19
MERGED from [com.huawei.hms:ml-computer-sdkbase-inner:2.0.3.300] AndroidManifest.xml:12:5-17:19
MERGED from [com.huawei.hms:ml-computer-sdkbase-inner:2.0.3.300] AndroidManifest.xml:12:5-17:19
MERGED from [com.huawei.hms:opendevice:5.0.4.301] AndroidManifest.xml:9:5-22:19
MERGED from [com.huawei.hms:opendevice:5.0.4.301] AndroidManifest.xml:9:5-22:19
MERGED from [com.huawei.hms:base:5.2.0.300] AndroidManifest.xml:12:5-23:19
MERGED from [com.huawei.hms:base:5.2.0.300] AndroidManifest.xml:12:5-23:19
MERGED from [com.huawei.hms:availableupdate:5.2.0.300] AndroidManifest.xml:18:5-31:19
MERGED from [com.huawei.hms:availableupdate:5.2.0.300] AndroidManifest.xml:18:5-31:19
MERGED from [com.huawei.hms:device:5.2.0.300] AndroidManifest.xml:12:5-20
MERGED from [com.huawei.hms:device:5.2.0.300] AndroidManifest.xml:12:5-20
MERGED from [com.huawei.agconnect:agconnect-credential:1.4.2.301] AndroidManifest.xml:14:5-26:19
MERGED from [com.huawei.agconnect:agconnect-credential:1.4.2.301] AndroidManifest.xml:14:5-26:19
MERGED from [com.huawei.agconnect:agconnect-core:1.4.2.301] AndroidManifest.xml:10:5-19:19
MERGED from [com.huawei.agconnect:agconnect-core:1.4.2.301] AndroidManifest.xml:10:5-19:19
MERGED from [com.huawei.hms:ml-computer-camera-inner:2.0.3.300] AndroidManifest.xml:11:5-15:19
MERGED from [com.huawei.hms:ml-computer-camera-inner:2.0.3.300] AndroidManifest.xml:11:5-15:19
MERGED from [com.huawei.hms:ml-computer-ha-inner:2.0.3.300] AndroidManifest.xml:13:5-17:19
MERGED from [com.huawei.hms:ml-computer-ha-inner:2.0.3.300] AndroidManifest.xml:13:5-17:19
MERGED from [com.huawei.hms:stats:5.2.0.300] AndroidManifest.xml:14:5-20
MERGED from [com.huawei.hms:stats:5.2.0.300] AndroidManifest.xml:14:5-20
MERGED from [com.huawei.hms:update:3.0.1.300] AndroidManifest.xml:20:5-46:19
MERGED from [com.huawei.hms:update:3.0.1.300] AndroidManifest.xml:20:5-46:19
MERGED from [com.huawei.hms:dynamic-api:1.0.13.303] AndroidManifest.xml:11:5-18:19
MERGED from [com.huawei.hms:dynamic-api:1.0.13.303] AndroidManifest.xml:11:5-18:19
MERGED from [com.huawei.hms:ui:5.2.0.300] AndroidManifest.xml:9:5-27:19
MERGED from [com.huawei.hms:ui:5.2.0.300] AndroidManifest.xml:9:5-27:19
MERGED from [com.huawei.hms:log:5.2.0.300] AndroidManifest.xml:9:5-20
MERGED from [com.huawei.hms:log:5.2.0.300] AndroidManifest.xml:9:5-20
MERGED from [com.huawei.android.hms:security-ssl:1.1.5.306] AndroidManifest.xml:9:5-13:19
MERGED from [com.huawei.android.hms:security-ssl:1.1.5.306] AndroidManifest.xml:9:5-13:19
MERGED from [com.huawei.hms:componentverifysdk:11.1.0.300] AndroidManifest.xml:9:5-10:19
MERGED from [com.huawei.hms:componentverifysdk:11.1.0.300] AndroidManifest.xml:9:5-10:19
	android:appComponentFactory
		ADDED from [androidx.core:core:1.1.0] AndroidManifest.xml:24:18-86
	android:label
		ADDED from src\main\AndroidManifest.xml:13:9-35
	android:icon
		ADDED from src\main\AndroidManifest.xml:14:9-45
activity#com.gky_cmn.MainActivity
ADDED from src\main\AndroidManifest.xml:15:9-47:20
	android:launchMode
		ADDED from src\main\AndroidManifest.xml:17:13-43
	android:hardwareAccelerated
		ADDED from src\main\AndroidManifest.xml:20:13-47
	android:windowSoftInputMode
		ADDED from src\main\AndroidManifest.xml:21:13-55
	android:configChanges
		ADDED from src\main\AndroidManifest.xml:19:13-163
	android:theme
		ADDED from src\main\AndroidManifest.xml:18:13-47
	android:name
		ADDED from src\main\AndroidManifest.xml:16:13-41
meta-data#io.flutter.embedding.android.NormalTheme
ADDED from src\main\AndroidManifest.xml:26:13-29:17
	android:resource
		ADDED from src\main\AndroidManifest.xml:28:15-52
	android:name
		ADDED from src\main\AndroidManifest.xml:27:15-70
meta-data#com.huawei.hms.client.channel.androidMarket
ADDED from src\main\AndroidManifest.xml:30:13-33:17
	android:value
		ADDED from src\main\AndroidManifest.xml:32:15-36
	android:name
		ADDED from src\main\AndroidManifest.xml:31:15-73
meta-data#io.flutter.embedding.android.SplashScreenDrawable
ADDED from src\main\AndroidManifest.xml:39:13-42:17
	android:resource
		ADDED from src\main\AndroidManifest.xml:41:15-61
	android:name
		ADDED from src\main\AndroidManifest.xml:40:15-79
intent-filter#action:name:android.intent.action.MAIN+category:name:android.intent.category.LAUNCHER
ADDED from src\main\AndroidManifest.xml:43:13-46:29
action#android.intent.action.MAIN
ADDED from src\main\AndroidManifest.xml:44:17-68
	android:name
		ADDED from src\main\AndroidManifest.xml:44:25-66
category#android.intent.category.LAUNCHER
ADDED from src\main\AndroidManifest.xml:45:17-76
	android:name
		ADDED from src\main\AndroidManifest.xml:45:27-74
meta-data#flutterEmbedding
ADDED from src\main\AndroidManifest.xml:50:9-52:33
	android:value
		ADDED from src\main\AndroidManifest.xml:52:13-30
	android:name
		ADDED from src\main\AndroidManifest.xml:51:13-44
uses-sdk
INJECTED from src\main\AndroidManifest.xml reason: use-sdk injection requested
INJECTED from src\main\AndroidManifest.xml
INJECTED from src\main\AndroidManifest.xml
MERGED from [:huawei_scan] AndroidManifest.xml:5:5-7:41
MERGED from [:huawei_scan] AndroidManifest.xml:5:5-7:41
MERGED from [:firebase_auth] AndroidManifest.xml:5:5-44
MERGED from [:firebase_auth] AndroidManifest.xml:5:5-44
MERGED from [:firebase_core] AndroidManifest.xml:5:5-44
MERGED from [:firebase_core] AndroidManifest.xml:5:5-44
MERGED from [:agconnect_core] AndroidManifest.xml:5:5-44
MERGED from [:agconnect_core] AndroidManifest.xml:5:5-44
MERGED from [:shared_preferences] AndroidManifest.xml:5:5-44
MERGED from [:shared_preferences] AndroidManifest.xml:5:5-44
MERGED from [:huawei_hmsavailability] AndroidManifest.xml:5:5-7:41
MERGED from [:huawei_hmsavailability] AndroidManifest.xml:5:5-7:41
MERGED from [:google_sign_in] AndroidManifest.xml:5:5-44
MERGED from [:google_sign_in] AndroidManifest.xml:5:5-44
MERGED from [:agconnect_auth] AndroidManifest.xml:5:5-44
MERGED from [:agconnect_auth] AndroidManifest.xml:5:5-44
MERGED from [com.google.firebase:firebase-analytics:19.0.1] AndroidManifest.xml:5:5-44
MERGED from [com.google.firebase:firebase-analytics:19.0.1] AndroidManifest.xml:5:5-44
MERGED from [androidx.multidex:multidex:2.0.0] AndroidManifest.xml:20:5-43
MERGED from [androidx.multidex:multidex:2.0.0] AndroidManifest.xml:20:5-43
MERGED from [com.google.firebase:firebase-auth:21.0.1] AndroidManifest.xml:21:5-44
MERGED from [com.google.firebase:firebase-auth:21.0.1] AndroidManifest.xml:21:5-44
MERGED from [com.google.android.gms:play-services-measurement-api:19.0.1] AndroidManifest.xml:20:5-44
MERGED from [com.google.android.gms:play-services-measurement-api:19.0.1] AndroidManifest.xml:20:5-44
MERGED from [com.google.firebase:firebase-auth-interop:20.0.0] AndroidManifest.xml:5:5-44
MERGED from [com.google.firebase:firebase-auth-interop:20.0.0] AndroidManifest.xml:5:5-44
MERGED from [com.google.firebase:firebase-installations:17.0.0] AndroidManifest.xml:6:5-8:41
MERGED from [com.google.firebase:firebase-installations:17.0.0] AndroidManifest.xml:6:5-8:41
MERGED from [com.google.firebase:firebase-common:20.0.0] AndroidManifest.xml:20:5-22:41
MERGED from [com.google.firebase:firebase-common:20.0.0] AndroidManifest.xml:20:5-22:41
MERGED from [com.huawei.hms:scan:1.3.0.300] AndroidManifest.xml:7:5-9:41
MERGED from [com.huawei.hms:scan:1.3.0.300] AndroidManifest.xml:7:5-9:41
MERGED from [com.huawei.hms:hianalytics:5.1.0.301] AndroidManifest.xml:7:5-9:41
MERGED from [com.huawei.hms:hianalytics:5.1.0.301] AndroidManifest.xml:7:5-9:41
MERGED from [androidx.appcompat:appcompat:1.1.0] AndroidManifest.xml:20:5-22:41
MERGED from [androidx.appcompat:appcompat:1.1.0] AndroidManifest.xml:20:5-22:41
MERGED from [com.google.android.gms:play-services-auth:16.0.1] AndroidManifest.xml:20:5-44
MERGED from [com.google.android.gms:play-services-auth:16.0.1] AndroidManifest.xml:20:5-44
MERGED from [com.google.android.gms:play-services-auth-api-phone:17.4.0] AndroidManifest.xml:5:5-44
MERGED from [com.google.android.gms:play-services-auth-api-phone:17.4.0] AndroidManifest.xml:5:5-44
MERGED from [com.google.android.gms:play-services-safetynet:17.0.0] AndroidManifest.xml:20:5-44
MERGED from [com.google.android.gms:play-services-safetynet:17.0.0] AndroidManifest.xml:20:5-44
MERGED from [com.google.android.gms:play-services-auth-base:16.0.0] AndroidManifest.xml:5:5-44
MERGED from [com.google.android.gms:play-services-auth-base:16.0.0] AndroidManifest.xml:5:5-44
MERGED from [com.google.android.gms:play-services-base:17.1.0] AndroidManifest.xml:20:5-44
MERGED from [com.google.android.gms:play-services-base:17.1.0] AndroidManifest.xml:20:5-44
MERGED from [com.google.android.gms:play-services-measurement:19.0.1] AndroidManifest.xml:20:5-44
MERGED from [com.google.android.gms:play-services-measurement:19.0.1] AndroidManifest.xml:20:5-44
MERGED from [com.google.android.gms:play-services-measurement-sdk:19.0.1] AndroidManifest.xml:20:5-44
MERGED from [com.google.android.gms:play-services-measurement-sdk:19.0.1] AndroidManifest.xml:20:5-44
MERGED from [com.google.firebase:firebase-installations-interop:17.0.0] AndroidManifest.xml:19:5-21:41
MERGED from [com.google.firebase:firebase-installations-interop:17.0.0] AndroidManifest.xml:19:5-21:41
MERGED from [com.google.android.gms:play-services-tasks:17.0.0] AndroidManifest.xml:5:5-44
MERGED from [com.google.android.gms:play-services-tasks:17.0.0] AndroidManifest.xml:5:5-44
MERGED from [com.google.android.gms:play-services-measurement-impl:19.0.1] AndroidManifest.xml:20:5-44
MERGED from [com.google.android.gms:play-services-measurement-impl:19.0.1] AndroidManifest.xml:20:5-44
MERGED from [com.google.android.gms:play-services-ads-identifier:17.0.0] AndroidManifest.xml:20:5-44
MERGED from [com.google.android.gms:play-services-ads-identifier:17.0.0] AndroidManifest.xml:20:5-44
MERGED from [com.google.android.gms:play-services-measurement-sdk-api:19.0.1] AndroidManifest.xml:20:5-44
MERGED from [com.google.android.gms:play-services-measurement-sdk-api:19.0.1] AndroidManifest.xml:20:5-44
MERGED from [com.google.android.gms:play-services-measurement-base:19.0.1] AndroidManifest.xml:5:5-44
MERGED from [com.google.android.gms:play-services-measurement-base:19.0.1] AndroidManifest.xml:5:5-44
MERGED from [com.google.android.gms:play-services-stats:17.0.0] AndroidManifest.xml:5:5-44
MERGED from [com.google.android.gms:play-services-stats:17.0.0] AndroidManifest.xml:5:5-44
MERGED from [com.google.firebase:firebase-measurement-connector:19.0.0] AndroidManifest.xml:20:5-44